1711695313361	geckodriver	INFO	Listening on 127.0.0.1:3563
1711695313431	mozrunner::runner	INFO	Running command: "D:\\轣ｫ迢申\firefox.exe" "--marionette" "--remote-debugging-port" "3564" "--remote-allow-hosts" "localhost" "-no-remote" "-profile" "C:\\Users\\Lenovo\\AppData\\Local\\Temp\\rust_mozprofileIMTkev"
1711695978939	geckodriver	INFO	Listening on 127.0.0.1:9939
1711695979451	mozrunner::runner	INFO	Running command: "D:\\轣ｫ迢申\firefox.exe" "--marionette" "--remote-debugging-port" "9940" "--remote-allow-hosts" "localhost" "-no-remote" "-profile" "C:\\Users\\Lenovo\\AppData\\Local\\Temp\\rust_mozprofile5scpnL"
console.warn: services.settings: Ignoring preference override of remote settings server
console.warn: services.settings: Allow by setting MOZ_REMOTE_SETTINGS_DEVTOOLS=1 in the environment
1711695980069	Marionette	INFO	Marionette enabled
Dynamically enable window occlusion 0
1711695980282	Marionette	INFO	Listening on port 9946
WebDriver BiDi listening on ws://127.0.0.1:9940
Read port: 9946
1711695980506	RemoteAgent	WARN	TLS certificate errors will be ignored for this session
DevTools listening on ws://127.0.0.1:9940/devtools/browser/09e8c5f4-5f5f-48b4-9815-4acbfab7e7dc
1711696010096	addons.xpi	ERROR	System addon update list error SyntaxError: XMLHttpRequest.open: 'http://%(server)s/dummy-system-addons.xml' is not a valid URL.
Exiting due to channel error.
Exiting due to channel error.
Exiting due to channel error.
Exiting due to channel error.
申\firefox.exe" "--marionette" "--remote-debugging-port" "10574" "--remote-allow-hosts" "localhost" "-no-remote" "-profile" "C:\\Users\\Lenovo\\AppData\\Local\\Temp\\rust_mozprofileDPq9IE"
console.warn: services.settings: Ignoring preference override of remote settings server
console.warn: services.settings: Allow by setting MOZ_REMOTE_SETTINGS_DEVTOOLS=1 in the environment
1711696668698	Marionette	INFO	Marionette enabled
Dynamically enable window occlusion 0
1711696668889	Marionette	INFO	Listening on port 10579
WebDriver BiDi listening on ws://127.0.0.1:10574
Read port: 10579
1711696668951	RemoteAgent	WARN	TLS certificate errors will be ignored for this session
DevTools listening on ws://127.0.0.1:10574/devtools/browser/b39d78aa-bb6f-4f35-9e07-0fc49769f3a4
1711696676965	Marionette	WARN	Ignoring event 'pageshow' because document has an invalid readyState of 'uninitialized'.
1711696677052	Marionette	INFO	Stopped listening on port 10579
Dynamically enable window occlusion 1
1711700191261	geckodriver	INFO	Listening on 127.0.0.1:8044
1711700191784	mozrunner::runner	INFO	Running command: "D:\\轣ｫ迢申\firefox.exe" "--marionette" "--remote-debugging-port" "8045" "--remote-allow-hosts" "localhost" "-no-remote" "-profile" "C:\\Users\\Lenovo\\AppData\\Local\\Temp\\rust_mozprofilexhXEuP"
console.warn: services.settings: Ignoring preference override of remote settings server
console.warn: services.settings: Allow by setting MOZ_REMOTE_SETTINGS_DEVTOOLS=1 in the environment
1711700192094	Marionette	INFO	Marionette enabled
Dynamically enable window occlusion 0
1711700192297	Marionette	INFO	Listening on port 8052
WebDriver BiDi listening on ws://127.0.0.1:8045
Read port: 8052
1711700192476	RemoteAgent	WARN	TLS certificate errors will be ignored for this session
DevTools listening on ws://127.0.0.1:8045/devtools/browser/a60ec186-45ae-4dac-a477-39db7bed1b98
1711700200315	Marionette	WARN	Ignoring event 'pageshow' because document has an invalid readyState of 'uninitialized'.
1711700200391	Marionette	INFO	Stopped listening on port 8052
Dynamically enable window occlusion 1
1711700242557	geckodriver	INFO	Listening on 127.0.0.1:8122
1711700243089	mozrunner::runner	INFO	Running command: "D:\\轣ｫ迢申\firefox.exe" "--marionette" "--remote-debugging-port" "8123" "--remote-allow-hosts" "localhost" "-no-remote" "-profile" "C:\\Users\\Lenovo\\AppData\\Local\\Temp\\rust_mozprofile1N6QUq"
console.warn: services.settings: Ignoring preference override of remote settings server
console.warn: services.settings: Allow by setting MOZ_REMOTE_SETTINGS_DEVTOOLS=1 in the environment
1711700243388	Marionette	INFO	Marionette enabled
Dynamically enable window occlusion 0
1711700243571	Marionette	INFO	Listening on port 8128
WebDriver BiDi listening on ws://127.0.0.1:8123
Read port: 8128
1711700243730	RemoteAgent	WARN	TLS certificate errors will be ignored for this session
DevTools listening on ws://127.0.0.1:8123/devtools/browser/0e1a4315-13f1-49fb-9d7c-c45130f4467c
1711700245321	Marionette	INFO	Stopped listening on port 8128
Dynamically enable window occlusion 1
console.error: services.settings: 
  main/fingerprinting-protection-overrides Signature failed  TypeError: NetworkError: Network request failed
console.error: services.settings: 
  main/query-stripping Signature failed  TypeError: NetworkError: Network request failed
console.error: services.settings: 
  main/partitioning-exempt-urls Signature failed  TypeError: NetworkError: Network request failed
console.error: (new NetworkError("Network error: TypeError: NetworkError: Network request failed", "resource://services-settings/RemoteSettingsClient.sys.mjs", 107))
console.error: (new NetworkError("Network error: TypeError: NetworkError: Network request failed", "resource://services-settings/RemoteSettingsClient.sys.mjs", 107))
console.error: (new NetworkError("Network error: TypeError: NetworkError: Network request failed", "resource://services-settings/RemoteSettingsClient.sys.mjs", 107))
console.error: (new Error("IndexedDB: main/translations-models list() IndexedDB:  execute() The application is shutting down", "resource://services-settings/IDBHelpers.sys.mjs", 16))
1712475773640	geckodriver	INFO	Listening on 127.0.0.1:5815
1712475774170	mozrunner::runner	INFO	Running command: "D:\\轣ｫ迢申\firefox.exe" "--marionette" "--remote-debugging-port" "5816" "--remote-allow-hosts" "localhost" "-no-remote" "-profile" "C:\\Users\\Lenovo\\AppData\\Local\\Temp\\rust_mozprofileyKqndz"
1712475910097	geckodriver	INFO	Listening on 127.0.0.1:5947
1712475910625	mozrunner::runner	INFO	Running command: "D:\\轣ｫ迢申\firefox.exe" "--marionette" "--remote-debugging-port" "5948" "--remote-allow-hosts" "localhost" "-no-remote" "-profile" "C:\\Users\\Lenovo\\AppData\\Local\\Temp\\rust_mozprofilersQ5il"
console.warn: services.settings: Ignoring preference override of remote settings server
console.warn: services.settings: Allow by setting MOZ_REMOTE_SETTINGS_DEVTOOLS=1 in the environment
1712475910943	Marionette	INFO	Marionette enabled
Dynamically enable window occlusion 0
1712475911114	Marionette	INFO	Listening on port 5953
WebDriver BiDi listening on ws://127.0.0.1:5948
Read port: 5953
1712475911253	RemoteAgent	WARN	TLS certificate errors will be ignored for this session
DevTools listening on ws://127.0.0.1:5948/devtools/browser/ba252c67-0f9a-4c03-86b8-3e9acab15cbe
1712475912789	Marionette	INFO	Stopped listening on port 5953
Dynamically enable window occlusion 1
console.error: services.settings: 
  main/partitioning-exempt-urls Signature failed  TypeError: NetworkError: Network request failed
console.error: services.settings: 
  main/query-stripping Signature failed  TypeError: NetworkError: Network request failed
console.error: services.settings: 
  main/fingerprinting-protection-overrides Signature failed  TypeError: NetworkError: Network request failed
console.error: (new NetworkError("Network error: TypeError: NetworkError: Network request failed", "resource://services-settings/RemoteSettingsClient.sys.mjs", 107))
console.error: (new NetworkError("Network error: TypeError: NetworkError: Network request failed", "resource://services-settings/RemoteSettingsClient.sys.mjs", 107))
console.error: (new NetworkError("Network error: TypeError: NetworkError: Network request failed", "resource://services-settings/RemoteSettingsClient.sys.mjs", 107))
console.error: (new Error("IndexedDB: main/translations-models list() IndexedDB:  execute() The application is shutting down", "resource://services-settings/IDBHelpers.sys.mjs", 16))
1712477144553	geckodriver	INFO	Listening on 127.0.0.1:6994
1712477145072	mozrunner::runner	INFO	Running command: "D:\\轣ｫ迢申\firefox.exe" "--marionette" "--remote-debugging-port" "6995" "--remote-allow-hosts" "localhost" "-no-remote" "-profile" "C:\\Users\\Lenovo\\AppData\\Local\\Temp\\rust_mozprofile2A9PcU"
console.warn: services.settings: Ignoring preference override of remote settings server
console.warn: services.settings: Allow by setting MOZ_REMOTE_SETTINGS_DEVTOOLS=1 in the environment
1712477145377	Marionette	INFO	Marionette enabled
Dynamically enable window occlusion 0
1712477145561	Marionette	INFO	Listening on port 7000
WebDriver BiDi listening on ws://127.0.0.1:6995
Read port: 7000
1712477145714	RemoteAgent	WARN	TLS certificate errors will be ignored for this session
DevTools listening on ws://127.0.0.1:6995/devtools/browser/0ecfe381-70f7-486d-b4d7-c1a14015c5bd
1712477147359	Marionette	INFO	Stopped listening on port 7000
Dynamically enable window occlusion 1
console.error: (new StorageError("Storage error: Error: IndexedDB: main/query-stripping list() IndexedDB:  execute() The application is shutting down", "resource://services-settings/RemoteSettingsClient.sys.mjs", 153))
console.error: (new StorageError("Storage error: Error: IndexedDB: main/partitioning-exempt-urls list() IndexedDB:  execute() The application is shutting down", "resource://services-settings/RemoteSettingsClient.sys.mjs", 153))
console.error: (new StorageError("Storage error: Error: IndexedDB: main/fingerprinting-protection-overrides list() IndexedDB:  execute() The application is shutting down", "resource://services-settings/RemoteSettingsClient.sys.mjs", 153))
1713079494057	geckodriver	INFO	Listening on 127.0.0.1:8640
1713079494587	mozrunner::runner	INFO	Running command: "D:\\轣ｫ迢申\firefox.exe" "--marionette" "--remote-debugging-port" "8641" "--remote-allow-hosts" "localhost" "-no-remote" "-profile" "C:\\Users\\Lenovo\\AppData\\Local\\Temp\\rust_mozprofileUDAXam"
console.warn: services.settings: Ignoring preference override of remote settings server
console.warn: services.settings: Allow by setting MOZ_REMOTE_SETTINGS_DEVTOOLS=1 in the environment
1713079494960	Marionette	INFO	Marionette enabled
Dynamically enable window occlusion 0
1713079495161	Marionette	INFO	Listening on port 8647
WebDriver BiDi listening on ws://127.0.0.1:8641
Read port: 8647
1713079495341	RemoteAgent	WARN	TLS certificate errors will be ignored for this session
DevTools listening on ws://127.0.0.1:8641/devtools/browser/f56b0a2b-69ff-43dd-abcd-2206d66f5dc0
1713079497148	Marionette	INFO	Stopped listening on port 8647
Dynamically enable window occlusion 1
console.error: services.settings: 
  main/partitioning-exempt-urls Signature failed  TypeError: NetworkError: Network request failed
console.error: services.settings: 
  main/fingerprinting-protection-overrides Signature failed  TypeError: NetworkError: Network request failed
console.error: services.settings: 
  main/query-stripping Signature failed  TypeError: NetworkError: Network request failed
console.error: (new NetworkError("Network error: TypeError: NetworkError: Network request failed", "resource://services-settings/RemoteSettingsClient.sys.mjs", 107))
console.error: (new NetworkError("Network error: TypeError: NetworkError: Network request failed", "resource://services-settings/RemoteSettingsClient.sys.mjs", 107))
console.error: (new NetworkError("Network error: TypeError: NetworkError: Network request failed", "resource://services-settings/RemoteSettingsClient.sys.mjs", 107))
1713083038921	geckodriver	INFO	Listening on 127.0.0.1:2319
1713083039439	mozrunner::runner	INFO	Running command: "D:\\轣ｫ迢申\firefox.exe" "--marionette" "--remote-debugging-port" "2320" "--remote-allow-hosts" "localhost" "-no-remote" "-profile" "C:\\Users\\Lenovo\\AppData\\Local\\Temp\\rust_mozprofile8Bhyf9"
console.warn: services.settings: Ignoring preference override of remote settings server
console.warn: services.settings: Allow by setting MOZ_REMOTE_SETTINGS_DEVTOOLS=1 in the environment
1713083039732	Marionette	INFO	Marionette enabled
Dynamically enable window occlusion 0
1713083039919	Marionette	INFO	Listening on port 2327
WebDriver BiDi listening on ws://127.0.0.1:2320
Read port: 2327
1713083040079	RemoteAgent	WARN	TLS certificate errors will be ignored for this session
DevTools listening on ws://127.0.0.1:2320/devtools/browser/75198695-fa0f-4629-902c-20cb1b4a7b25
1713083070350	addons.xpi	ERROR	System addon update list error SyntaxError: XMLHttpRequest.open: 'http://%(server)s/dummy-system-addons.xml' is not a valid URL.
1713083341879	Marionette	INFO	Stopped listening on port 2327
Dynamically enable window occlusion 1
1713083467104	geckodriver	INFO	Listening on 127.0.0.1:7785
1713083467641	mozrunner::runner	INFO	Running command: "D:\\轣ｫ迢申\firefox.exe" "--marionette" "--remote-debugging-port" "7786" "--remote-allow-hosts" "localhost" "-no-remote" "-profile" "C:\\Users\\Lenovo\\AppData\\Local\\Temp\\rust_mozprofile69CKiK"
console.warn: services.settings: Ignoring preference override of remote settings server
console.warn: services.settings: Allow by setting MOZ_REMOTE_SETTINGS_DEVTOOLS=1 in the environment
1713083467941	Marionette	INFO	Marionette enabled
Dynamically enable window occlusion 0
1713083468120	Marionette	INFO	Listening on port 7791
WebDriver BiDi listening on ws://127.0.0.1:7786
Read port: 7791
1713083468282	RemoteAgent	WARN	TLS certificate errors will be ignored for this session
DevTools listening on ws://127.0.0.1:7786/devtools/browser/de12ba9b-de76-452d-8821-6893a70659cb
Exiting due to channel error.
Exiting due to channel error.
Exiting due to channel error.
